Tue Jun 23 11:14:12 UTC 2026 - 28392
Tue Jun 23 11:52:13 UTC 2026 - 1091
Fri Jun 26 10:35:39 UTC 2026 - 11432
Fri Jun 26 10:49:14 UTC 2026 - 18494
Fri Jun 26 11:38:29 UTC 2026 - 15620
Sat Jun 27 09:37:10 UTC 2026 - 17346
Sat Jun 27 10:05:55 UTC 2026 - 16568
Sun Jun 28 10:25:59 UTC 2026 - 30265
Sun Jun 28 10:58:40 UTC 2026 - 4579
Mon Jun 29 12:15:45 UTC 2026 - 30179
Mon Jun 29 12:29:49 UTC 2026 - 29005
Mon Jun 29 12:57:15 UTC 2026 - 19589
Thu Jul  2 10:36:12 UTC 2026 - 27015
Sun Jul  5 09:54:20 UTC 2026 - 22860
Mon Jul  6 12:36:08 UTC 2026 - 1392
Tue Jul  7 10:53:16 UTC 2026 - 30170
Wed Jul  8 10:53:46 UTC 2026 - 21130
Thu Jul  9 10:36:42 UTC 2026 - 30765
Sat Jul 11 10:08:56 UTC 2026 - 22735
Sun Jul 12 10:17:45 UTC 2026 - 16855
Mon Jul 13 10:58:08 UTC 2026 - 15513
Mon Jul 13 11:50:28 UTC 2026 - 7553
Tue Jul 14 09:55:48 UTC 2026 - 21070
Thu Jul 16 09:34:11 UTC 2026 - 14774
Fri Jul 17 09:26:18 UTC 2026 - 3667
Fri Jul 17 09:54:43 UTC 2026 - 28923
Sat Jul 18 10:08:32 UTC 2026 - 9572
Mon Jul 20 10:24:33 UTC 2026 - 9805
